<?xml version="1.0" encoding="UTF-8"?>
<!-- Generated by org.testng.reporters.JUnitXMLReporter -->
<testsuite hostname="DESKTOP-3BPHR2F" name="Default test" tests="7" failures="0" timestamp="6 Apr 2017 09:54:34 GMT" time="0.112" errors="0">
  <testcase name="@BeforeClass setup" time="0.0" classname="com.liveguru99.demo.Demo_01_LiveGuru99">
    <failure type="org.testng.TestNGException" message="
Parameter &amp;apos;browser&amp;apos; is required by @Configuration on method setup but has not been marked @Optional or defined
in C:\Users\anh tuan\AppData\Local\Temp\testng-eclipse-596585838\testng-customsuite.xml">
      <![CDATA[org.testng.TestNGException: 
Parameter 'browser' is required by @Configuration on method setup but has not been marked @Optional or defined
in C:\Users\anh tuan\AppData\Local\Temp\testng-eclipse-596585838\testng-customsuite.xml
	at org.testng.internal.Parameters.createParameters(Parameters.java:154)
	at org.testng.internal.Parameters.createParameters(Parameters.java:361)
	at org.testng.internal.Parameters.createConfigurationParameters(Parameters.java:84)
	at org.testng.internal.Invoker.invokeConfigurations(Invoker.java:197)
	at org.testng.internal.Invoker.invokeConfigurations(Invoker.java:138)
	at org.testng.internal.TestMethodWorker.invokeBeforeClassMethods(TestMethodWorker.java:170)
	at org.testng.internal.TestMethodWorker.run(TestMethodWorker.java:104)
	at org.testng.TestRunner.privateRun(TestRunner.java:774)
	at org.testng.TestRunner.run(TestRunner.java:624)
	at org.testng.SuiteRunner.runTest(SuiteRunner.java:359)
	at org.testng.SuiteRunner.runSequentially(SuiteRunner.java:354)
	at org.testng.SuiteRunner.privateRun(SuiteRunner.java:312)
	at org.testng.SuiteRunner.run(SuiteRunner.java:261)
	at org.testng.SuiteRunnerWorker.runSuite(SuiteRunnerWorker.java:52)
	at org.testng.SuiteRunnerWorker.run(SuiteRunnerWorker.java:86)
	at org.testng.TestNG.runSuitesSequentially(TestNG.java:1215)
	at org.testng.TestNG.runSuitesLocally(TestNG.java:1140)
	at org.testng.TestNG.run(TestNG.java:1048)
	at org.testng.remote.AbstractRemoteTestNG.run(AbstractRemoteTestNG.java:132)
	at org.testng.remote.RemoteTestNG.initAndRun(RemoteTestNG.java:236)
	at org.testng.remote.RemoteTestNG.main(RemoteTestNG.java:81)
]]>
    </failure>
  </testcase> <!-- @BeforeClass setup -->
  <testcase name="@AfterClass tearDown" time="0.0" classname="com.liveguru99.demo.Demo_01_LiveGuru99">
    <skipped/>
  </testcase> <!-- @AfterClass tearDown -->
  <testcase name="DemoGuru_001_CreateNewCustomerAccountAndGetCustomerID" time="0.014" classname="com.liveguru99.demo.Demo_01_LiveGuru99">
    <skipped/>
  </testcase> <!-- DemoGuru_001_CreateNewCustomerAccountAndGetCustomerID -->
  <testcase name="DemoGuru_002_EditCustomerAccountAndCheckEditSuccessfull" time="0.002" classname="com.liveguru99.demo.Demo_01_LiveGuru99">
    <skipped/>
  </testcase> <!-- DemoGuru_002_EditCustomerAccountAndCheckEditSuccessfull -->
  <testcase name="DemoGuru_003_AddNewAccountAndGetAccountID" time="0.002" classname="com.liveguru99.demo.Demo_01_LiveGuru99">
    <skipped/>
  </testcase> <!-- DemoGuru_003_AddNewAccountAndGetAccountID -->
  <testcase name="DemoGuru_004_TransferMoneyIntoCurrentAccountAndCheckAccountBalanceEqual50000" time="0.002" classname="com.liveguru99.demo.Demo_01_LiveGuru99">
    <skipped/>
  </testcase> <!-- DemoGuru_004_TransferMoneyIntoCurrentAccountAndCheckAccountBalanceEqual50000 -->
  <testcase name="DemoGuru_005_WithdrawMoneyFromCurrentAccountAndCheckAccountBalanceEqual40000" time="0.003" classname="com.liveguru99.demo.Demo_01_LiveGuru99">
    <skipped/>
  </testcase> <!-- DemoGuru_005_WithdrawMoneyFromCurrentAccountAndCheckAccountBalanceEqual40000 -->
  <testcase name="DemoGuru_006_TransferTheMoneyIntoOtherAccountAccountAndCheckAmountEqual10000" time="0.005" classname="com.liveguru99.demo.Demo_01_LiveGuru99">
    <skipped/>
  </testcase> <!-- DemoGuru_006_TransferTheMoneyIntoOtherAccountAccountAndCheckAmountEqual10000 -->
  <testcase name="DemoGuru_007_CheckCurrentAccountBalanceEqual30000" time="0.005" classname="com.liveguru99.demo.Demo_01_LiveGuru99">
    <skipped/>
  </testcase> <!-- DemoGuru_007_CheckCurrentAccountBalanceEqual30000 -->
</testsuite> <!-- Default test -->
